u:\dev\projects\test\2dengine\debug\2dengine.pdb
u:\dev\projects\test\2dengine\debug\2dengine.idb
u:\dev\projects\test\2dengine\debug\camera2d.obj
u:\dev\projects\test\2dengine\debug\engine.obj
u:\dev\projects\test\2dengine\debug\fatal.obj
u:\dev\projects\test\2dengine\debug\glslprogram.obj
u:\dev\projects\test\2dengine\debug\imageloader.obj
u:\dev\projects\test\2dengine\debug\iomanager.obj
u:\dev\projects\test\2dengine\debug\picopng.obj
u:\dev\projects\test\2dengine\debug\resourcemanager.obj
u:\dev\projects\test\2dengine\debug\sprite.obj
u:\dev\projects\test\2dengine\debug\spritebatch.obj
u:\dev\projects\test\2dengine\debug\texturecache.obj
u:\dev\projects\test\2dengine\debug\window.obj
u:\dev\projects\test\2dengine\debug\inputmanager.obj
u:\dev\projects\test\debug\2dengine.lib
u:\dev\projects\test\debug\2dengine.pdb
u:\dev\projects\test\2dengine\debug\2dengine.tlog\cl.command.1.tlog
u:\dev\projects\test\2dengine\debug\2dengine.tlog\cl.read.1.tlog
u:\dev\projects\test\2dengine\debug\2dengine.tlog\cl.write.1.tlog
u:\dev\projects\test\2dengine\debug\2dengine.tlog\lib-link.read.1.tlog
u:\dev\projects\test\2dengine\debug\2dengine.tlog\lib-link.write.1.tlog
u:\dev\projects\test\2dengine\debug\2dengine.tlog\lib.command.1.tlog
